Log file open, 03/26/19 13:12:41
LogWindows: Failed to load 'aqProf.dll' (GetLastError=126)
LogWindows: File 'aqProf.dll' does not exist
LogWindows: Failed to load 'VtuneApi.dll' (GetLastError=126)
LogWindows: File 'VtuneApi.dll' does not exist
LogWindows: Failed to load 'VtuneApi32e.dll' (GetLastError=126)
LogWindows: File 'VtuneApi32e.dll' does not exist
LogConsoleResponse: Display: Failed to find resolution value strings in scalability ini. Falling back to default.
LogInit: Display: Running engine for game: VRExpPluginExample
LogPakFile: Registered encryption key '00000000000000000000000000000000': 0 pak files mounted, 0 remain pending
LogPlatformFile: Not using cached read wrapper
LogTaskGraph: Started task graph with 5 named threads and 23 total threads with 3 sets of task threads.
LogStats: Stats thread started at 0.275190
LogD3D11RHI: Loaded GFSDK_Aftermath_Lib.x64.dll
LogICUInternationalization: ICU TimeZone Detection - Raw Offset: +1:00, Platform Override: ''
LogPluginManager: Mounting plugin Paper2D
LogPluginManager: Mounting plugin AISupport
LogPluginManager: Mounting plugin LightPropagationVolume
LogPluginManager: Mounting plugin ActorLayerUtilities
LogPluginManager: Mounting plugin CLionSourceCodeAccess
LogPluginManager: Mounting plugin CodeLiteSourceCodeAccess
LogPluginManager: Mounting plugin GitSourceControl
LogPluginManager: Mounting plugin KDevelopSourceCodeAccess
LogPluginManager: Mounting plugin NullSourceCodeAccess
LogPluginManager: Mounting plugin PerforceSourceControl
LogPluginManager: Mounting plugin SubversionSourceControl
LogPluginManager: Mounting plugin UObjectPlugin
LogPluginManager: Mounting plugin VisualStudioCodeSourceCodeAccess
LogPluginManager: Mounting plugin VisualStudioSourceCodeAccess
LogPluginManager: Mounting plugin XCodeSourceCodeAccess
LogPluginManager: Mounting plugin AssetManagerEditor
LogPluginManager: Mounting plugin CryptoKeys
LogPluginManager: Mounting plugin DataValidation
LogPluginManager: Mounting plugin FacialAnimation
LogPluginManager: Mounting plugin GameplayTagsEditor
LogPluginManager: Mounting plugin MacGraphicsSwitching
LogPluginManager: Mounting plugin MeshEditor
LogPluginManager: Mounting plugin MobileLauncherProfileWizard
LogPluginManager: Mounting plugin PluginBrowser
LogPluginManager: Mounting plugin SpeedTreeImporter
LogPluginManager: Mounting plugin DatasmithContent
LogPluginManager: Mounting plugin VariantManagerContent
LogPluginManager: Mounting plugin AlembicImporter
LogPluginManager: Mounting plugin AppleImageUtils
LogPluginManager: Mounting plugin AppleVision
LogPluginManager: Mounting plugin BackChannel
LogPluginManager: Mounting plugin CharacterAI
LogPluginManager: Mounting plugin GeometryCache
LogPluginManager: Mounting plugin HTML5Networking
LogPluginManager: Mounting plugin ProxyLODPlugin
LogPluginManager: Mounting plugin MagicLeap
LogPluginManager: Mounting plugin MagicLeapMedia
LogPluginManager: Mounting plugin AndroidMedia
LogPluginManager: Mounting plugin AvfMedia
LogPluginManager: Mounting plugin ImgMedia
LogPluginManager: Mounting plugin LinearTimecode
LogPluginManager: Mounting plugin MediaCompositing
LogPluginManager: Mounting plugin MediaPlayerEditor
LogPluginManager: Mounting plugin WebMMedia
LogPluginManager: Mounting plugin WmfMedia
LogPluginManager: Mounting plugin TcpMessaging
LogPluginManager: Mounting plugin UdpMessaging
LogPluginManager: Mounting plugin ActorSequence
LogPluginManager: Mounting plugin LevelSequenceEditor
LogPluginManager: Mounting plugin MatineeToLevelSequence
LogPluginManager: Mounting plugin NetcodeUnitTest
LogPluginManager: Mounting plugin NUTUnrealEngine4
LogPluginManager: Mounting plugin OnlineSubsystemGooglePlay
LogPluginManager: Mounting plugin OnlineSubsystemIOS
LogPluginManager: Mounting plugin OnlineSubsystem
LogPluginManager: Mounting plugin OnlineSubsystemNull
LogPluginManager: Mounting plugin OnlineSubsystemSteam
LogPluginManager: Mounting plugin OnlineSubsystemUtils
LogPluginManager: Mounting plugin LauncherChunkInstaller
LogPluginManager: Mounting plugin AndroidDeviceProfileSelector
LogPluginManager: Mounting plugin AndroidMoviePlayer
LogPluginManager: Mounting plugin AndroidPermission
LogPluginManager: Mounting plugin AppleMoviePlayer
LogPluginManager: Mounting plugin ArchVisCharacter
LogPluginManager: Mounting plugin AudioCapture
LogPluginManager: Mounting plugin CableComponent
LogPluginManager: Mounting plugin CustomMeshComponent
LogPluginManager: Mounting plugin EditableMesh
LogPluginManager: Mounting plugin ExampleDeviceProfileSelector
LogPluginManager: Mounting plugin Firebase
LogPluginManager: Mounting plugin GoogleCloudMessaging
LogPluginManager: Mounting plugin IOSDeviceProfileSelector
LogPluginManager: Mounting plugin LinuxDeviceProfileSelector
LogPluginManager: Mounting plugin LocationServicesBPLibrary
LogPluginManager: Mounting plugin MobilePatchingUtils
LogPluginManager: Mounting plugin OculusVR
LogPluginManager: Mounting plugin PhysXVehicles
LogPluginManager: Mounting plugin ProceduralMeshComponent
LogPluginManager: Mounting plugin RuntimePhysXCooking
LogPluginManager: Mounting plugin SteamVR
LogPluginManager: Mounting plugin WebMMoviePlayer
LogPluginManager: Mounting plugin WindowsMoviePlayer
LogPluginManager: Mounting plugin AdvancedSessions
LogPluginManager: Mounting plugin AdvancedSteamSessions
LogPluginManager: Mounting plugin OpenVRExpansionPlugin
LogPluginManager: Mounting plugin VRExpansionPlugin
LogStreaming: Display: Took  0.097s to configure plugins.
LogInit: Using libcurl 7.55.1-DEV
LogInit:  - built for x86_64-pc-win32
LogInit:  - supports SSL with OpenSSL/1.0.2h
LogInit:  - supports HTTP deflate (compression) using libz 1.2.8
LogInit:  - other features:
LogInit:      CURL_VERSION_SSL
LogInit:      CURL_VERSION_LIBZ
LogInit:      CURL_VERSION_IPV6
LogInit:      CURL_VERSION_ASYNCHDNS
LogInit:      CURL_VERSION_LARGEFILE
LogInit:      CURL_VERSION_IDN
LogInit:  CurlRequestOptions (configurable via config and command line):
LogInit:  - bVerifyPeer = true  - Libcurl will verify peer certificate
LogInit:  - bUseHttpProxy = false  - Libcurl will NOT use HTTP proxy
LogInit:  - bDontReuseConnections = false  - Libcurl will reuse connections
LogInit:  - MaxHostConnections = 16  - Libcurl will limit the number of connections to a host
LogInit:  - LocalHostAddr = Default
LogInit:  - BufferSize = 65536
LogOnline: Display: STEAM: Loading Steam SDK 1.39
LogOnline: Warning: STEAM: Steam API disabled!
LogOnline: Display: STEAM: OnlineSubsystemSteam::Shutdown()
LogOnline: OSS: Unable to create OnlineSubsystem module Steam
LogInit: WinSock: version 1.1 (2.2), MaxSocks=32767, MaxUdp=65467
LogInit: Build: ++UE4+Release-4.21-CL-4753647
LogInit: Engine Version: 4.21.2-4753647+++UE4+Release-4.21
LogInit: Compatible Engine Version: 4.21.0-4541578+++UE4+Release-4.21
LogInit: Net CL: 4541578
LogInit: OS: Windows 10 (), CPU: Intel(R) Core(TM) i7-7820HQ CPU @ 2.90GHz, GPU: NVIDIA Quadro P5200
LogInit: Compiled (64-bit): Jan 19 2019 02:07:31
LogInit: Compiled with Visual C++: 19.13.26129.00
LogInit: Build Configuration: Development
LogInit: Branch Name: ++UE4+Release-4.21
LogInit: Command Line: 
LogInit: Base Directory: C:/Program Files/Epic Games/UE_4.21/Engine/Binaries/Win64/
LogInit: Installed Engine Build: 1
LogDevObjectVersion: Number of dev versions registered: 22
LogDevObjectVersion:   Dev-Blueprints (B0D832E4-1F89-4F0D-ACCF-7EB736FD4AA2): 10
LogDevObjectVersion:   Dev-Build (E1C64328-A22C-4D53-A36C-8E866417BD8C): 0
LogDevObjectVersion:   Dev-Core (375EC13C-06E4-48FB-B500-84F0262A717E): 2
LogDevObjectVersion:   Dev-Editor (E4B068ED-F494-42E9-A231-DA0B2E46BB41): 26
LogDevObjectVersion:   Dev-Framework (CFFC743F-43B0-4480-9391-14DF171D2073): 34
LogDevObjectVersion:   Dev-Mobile (B02B49B5-BB20-44E9-A304-32B752E40360): 2
LogDevObjectVersion:   Dev-Networking (A4E4105C-59A1-49B5-A7C5-40C4547EDFEE): 0
LogDevObjectVersion:   Dev-Online (39C831C9-5AE6-47DC-9A44-9C173E1C8E7C): 0
LogDevObjectVersion:   Dev-Physics (78F01B33-EBEA-4F98-B9B4-84EACCB95AA2): 0
LogDevObjectVersion:   Dev-Platform (6631380F-2D4D-43E0-8009-CF276956A95A): 0
LogDevObjectVersion:   Dev-Rendering (12F88B9F-8875-4AFC-A67C-D90C383ABD29): 27
LogDevObjectVersion:   Dev-Sequencer (7B5AE74C-D270-4C10-A958-57980B212A5A): 9
LogDevObjectVersion:   Dev-VR (D7296918-1DD6-4BDD-9DE2-64A83CC13884): 2
LogDevObjectVersion:   Dev-LoadTimes (C2A15278-BFE7-4AFE-6C17-90FF531DF755): 1
LogDevObjectVersion:   Private-Geometry (6EACA3D4-40EC-4CC1-B786-8BED09428FC5): 3
LogDevObjectVersion:   Dev-AnimPhys (29E575DD-E0A3-4627-9D10-D276232CDCEA): 17
LogDevObjectVersion:   Dev-Anim (AF43A65D-7FD3-4947-9873-3E8ED9C1BB05): 2
LogDevObjectVersion:   Dev-ReflectionCapture (6B266CEC-1EC7-4B8F-A30B-E4D90942FC07): 1
LogDevObjectVersion:   Dev-Automation (0DF73D61-A23F-47EA-B727-89E90C41499A): 1
LogDevObjectVersion:   FortniteMain (601D1886-AC64-4F84-AA16-D3DE0DEAC7D6): 17
LogDevObjectVersion:   Dev-Enterprise (9DFFBCD6-494F-0158-E221-12823C92A888): 4
LogDevObjectVersion:   Dev-Niagara (F2AED0AC-9AFE-416F-8664-AA7FFA26D6FC): 1
LogStreaming: Display: Took  0.000s to delete old logs.
LogInit: Presizing for max 8388607 objects, including 0 objects not considered by GC, pre-allocating 0 bytes for permanent pool.
LogInit: Object subsystem initialized
LogConfig: Setting CVar [[con.DebugEarlyDefault:1]]
LogConfig: Setting CVar [[r.setres:1280x720]]
[2019.03.26-12.12.41:435][  0]LogConfig: Setting CVar [[r.VSync:0]]
[2019.03.26-12.12.41:435][  0]LogConfig: Setting CVar [[r.RHICmdBypass:0]]
[2019.03.26-12.12.41:435][  0]LogConfig: Applying CVar settings from Section [/Script/Engine.RendererSettings] File [C:/Users/HP ZVR Backpack/Desktop/Dev/VREscapeRoom/mordentral-vrexppluginexample-d51abb2d3aa1/Saved/Config/Windows/Engine.ini]
[2019.03.26-12.12.41:435][  0]LogConfig: Setting CVar [[r.GPUCrashDebugging:0]]
[2019.03.26-12.12.41:435][  0]LogConfig: Setting CVar [[r.DefaultFeature.AmbientOcclusion:0]]
[2019.03.26-12.12.41:435][  0]LogConfig: Setting CVar [[r.DefaultFeature.AmbientOcclusionStaticFraction:0]]
[2019.03.26-12.12.41:435][  0]LogConfig: Setting CVar [[vr.InstancedStereo:1]]
[2019.03.26-12.12.41:435][  0]LogConfig: Setting CVar [[r.SeparateTranslucency:0]]
[2019.03.26-12.12.41:435][  0]LogConfig: Setting CVar [[r.HZBOcclusion:0]]
[2019.03.26-12.12.41:435][  0]LogConfig: Setting CVar [[r.SSR.MaxRoughness:0]]
[2019.03.26-12.12.41:435][  0]LogConfig: Setting CVar [[r.rhicmdbypass:0]]
[2019.03.26-12.12.41:435][  0]LogConfig: Setting CVar [[r.ForwardShading:1]]
[2019.03.26-12.12.41:435][  0]LogConfig: Setting CVar [[r.DefaultFeature.AntiAliasing:3]]
[2019.03.26-12.12.41:435][  0]LogConfig: Setting CVar [[r.AllowStaticLighting:1]]
[2019.03.26-12.12.41:435][  0]LogConfig: Setting CVar [[r.DefaultFeature.MotionBlur:0]]
[2019.03.26-12.12.41:435][  0]LogConfig: Setting CVar [[r.DefaultFeature.Bloom:1]]
[2019.03.26-12.12.41:435][  0]LogConfig: Setting CVar [[r.DefaultFeature.AutoExposure:0]]
[2019.03.26-12.12.41:435][  0]LogConfig: Setting CVar [[r.CustomDepth:1]]
[2019.03.26-12.12.41:435][  0]LogConfig: Setting CVar [[r.CustomDepthTemporalAAJitter:0]]
[2019.03.26-12.12.41:436][  0]LogConfig: Setting CVar [[r.EarlyZPass:3]]
[2019.03.26-12.12.41:436][  0]LogConfig: Setting CVar [[r.EarlyZPassMovable:1]]
[2019.03.26-12.12.41:436][  0]LogConfig: Setting CVar [[r.GBufferFormat:1]]
[2019.03.26-12.12.41:436][  0]LogConfig: Applying CVar settings from Section [/Script/Engine.RendererOverrideSettings] File [C:/Users/HP ZVR Backpack/Desktop/Dev/VREscapeRoom/mordentral-vrexppluginexample-d51abb2d3aa1/Saved/Config/Windows/Engine.ini]
[2019.03.26-12.12.41:436][  0]LogConfig: Applying CVar settings from Section [/Script/Engine.StreamingSettings] File [C:/Users/HP ZVR Backpack/Desktop/Dev/VREscapeRoom/mordentral-vrexppluginexample-d51abb2d3aa1/Saved/Config/Windows/Engine.ini]
[2019.03.26-12.12.41:436][  0]LogConfig: Setting CVar [[s.MinBulkDataSizeForAsyncLoading:131072]]
[2019.03.26-12.12.41:436][  0]LogConfig: Setting CVar [[s.AsyncLoadingThreadEnabled:0]]
[2019.03.26-12.12.41:436][  0]LogConfig: Setting CVar [[s.EventDrivenLoaderEnabled:1]]
[2019.03.26-12.12.41:436][  0]LogConfig: Setting CVar [[s.WarnIfTimeLimitExceeded:0]]
[2019.03.26-12.12.41:436][  0]LogConfig: Setting CVar [[s.TimeLimitExceededMultiplier:1.5]]
[2019.03.26-12.12.41:436][  0]LogConfig: Setting CVar [[s.TimeLimitExceededMinTime:0.005]]
[2019.03.26-12.12.41:436][  0]LogConfig: Setting CVar [[s.UseBackgroundLevelStreaming:1]]
[2019.03.26-12.12.41:436][  0]LogConfig: Setting CVar [[s.PriorityAsyncLoadingExtraTime:15.0]]
[2019.03.26-12.12.41:436][  0]LogConfig: Setting CVar [[s.LevelStreamingActorsUpdateTimeLimit:5.0]]
[2019.03.26-12.12.41:436][  0]LogConfig: Setting CVar [[s.PriorityLevelStreamingActorsUpdateExtraTime:5.0]]
[2019.03.26-12.12.41:436][  0]LogConfig: Setting CVar [[s.LevelStreamingComponentsRegistrationGranularity:10]]
[2019.03.26-12.12.41:436][  0]LogConfig: Setting CVar [[s.UnregisterComponentsTimeLimit:1.0]]
[2019.03.26-12.12.41:436][  0]LogConfig: Setting CVar [[s.LevelStreamingComponentsUnregistrationGranularity:5]]
[2019.03.26-12.12.41:436][  0]LogConfig: Applying CVar settings from Section [/Script/Engine.GarbageCollectionSettings] File [C:/Users/HP ZVR Backpack/Desktop/Dev/VREscapeRoom/mordentral-vrexppluginexample-d51abb2d3aa1/Saved/Config/Windows/Engine.ini]
[2019.03.26-12.12.41:436][  0]LogConfig: Setting CVar [[gc.MaxObjectsNotConsideredByGC:1]]
[2019.03.26-12.12.41:436][  0]LogConfig: Setting CVar [[gc.SizeOfPermanentObjectPool:0]]
[2019.03.26-12.12.41:436][  0]LogConfig: Setting CVar [[gc.FlushStreamingOnGC:0]]
[2019.03.26-12.12.41:436][  0]LogConfig: Setting CVar [[gc.NumRetriesBeforeForcingGC:10]]
[2019.03.26-12.12.41:436][  0]LogConfig: Setting CVar [[gc.AllowParallelGC:1]]
[2019.03.26-12.12.41:436][  0]LogConfig: Setting CVar [[gc.TimeBetweenPurgingPendingKillObjects:61.1]]
[2019.03.26-12.12.41:436][  0]LogConfig: Setting CVar [[gc.MaxObjectsInEditor:8388607]]
[2019.03.26-12.12.41:436][  0]LogConfig: Setting CVar [[gc.IncrementalBeginDestroyEnabled:1]]
[2019.03.26-12.12.41:436][  0]LogConfig: Setting CVar [[gc.CreateGCClusters:1]]
[2019.03.26-12.12.41:436][  0]LogConfig: Setting CVar [[gc.MergeGCClusters:0]]
[2019.03.26-12.12.41:436][  0]LogConfig: Setting CVar [[gc.MinGCClusterSize:5]]
[2019.03.26-12.12.41:436][  0]LogConfig: Setting CVar [[gc.ActorClusteringEnabled:0]]
[2019.03.26-12.12.41:436][  0]LogConfig: Setting CVar [[gc.BlueprintClusteringEnabled:0]]
[2019.03.26-12.12.41:436][  0]LogConfig: Setting CVar [[gc.UseDisregardForGCOnDedicatedServers:0]]
[2019.03.26-12.12.41:436][  0]LogConfig: Applying CVar settings from Section [/Script/Engine.NetworkSettings] File [C:/Users/HP ZVR Backpack/Desktop/Dev/VREscapeRoom/mordentral-vrexppluginexample-d51abb2d3aa1/Saved/Config/Windows/Engine.ini]
[2019.03.26-12.12.41:436][  0]LogConfig: Applying CVar settings from Section [/Script/UnrealEd.CookerSettings] File [C:/Users/HP ZVR Backpack/Desktop/Dev/VREscapeRoom/mordentral-vrexppluginexample-d51abb2d3aa1/Saved/Config/Windows/Engine.ini]
[2019.03.26-12.12.41:440][  0]LogConfig: Applying CVar settings from Section [ViewDistanceQuality@3] File [C:/Users/HP ZVR Backpack/Desktop/Dev/VREscapeRoom/mordentral-vrexppluginexample-d51abb2d3aa1/Saved/Config/Windows/Scalability.ini]
[2019.03.26-12.12.41:440][  0]LogConfig: Setting CVar [[r.SkeletalMeshLODBias:0]]
[2019.03.26-12.12.41:440][  0]LogConfig: Setting CVar [[r.ViewDistanceScale:1.0]]
[2019.03.26-12.12.41:440][  0]LogConfig: Applying CVar settings from Section [AntiAliasingQuality@3] File [C:/Users/HP ZVR Backpack/Desktop/Dev/VREscapeRoom/mordentral-vrexppluginexample-d51abb2d3aa1/Saved/Config/Windows/Scalability.ini]
[2019.03.26-12.12.41:440][  0]LogConfig: Setting CVar [[r.PostProcessAAQuality:3]]
[2019.03.26-12.12.41:440][  0]LogConfig: Applying CVar settings from Section [ShadowQuality@3] File [C:/Users/HP ZVR Backpack/Desktop/Dev/VREscapeRoom/mordentral-vrexppluginexample-d51abb2d3aa1/Saved/Config/Windows/Scalability.ini]
[2019.03.26-12.12.41:440][  0]LogConfig: Setting CVar [[r.LightFunctionQuality:1]]
[2019.03.26-12.12.41:440][  0]LogConfig: Setting CVar [[r.ShadowQuality:5]]
[2019.03.26-12.12.41:440][  0]LogConfig: Setting CVar [[r.Shadow.CSM.MaxCascades:10]]
[2019.03.26-12.12.41:440][  0]LogConfig: Setting CVar [[r.Shadow.MaxResolution:2048]]
[2019.03.26-12.12.41:440][  0]LogConfig: Setting CVar [[r.Shadow.MaxCSMResolution:2048]]
[2019.03.26-12.12.41:440][  0]LogConfig: Setting CVar [[r.Shadow.RadiusThreshold:0.01]]
[2019.03.26-12.12.41:440][  0]LogConfig: Setting CVar [[r.Shadow.DistanceScale:1.0]]
[2019.03.26-12.12.41:440][  0]LogConfig: Setting CVar [[r.Shadow.CSM.TransitionScale:1.0]]
[2019.03.26-12.12.41:440][  0]LogConfig: Setting CVar [[r.Shadow.PreShadowResolutionFactor:1.0]]
[2019.03.26-12.12.41:440][  0]LogConfig: Setting CVar [[r.DistanceFieldShadowing:1]]
[2019.03.26-12.12.41:440][  0]LogConfig: Setting CVar [[r.DistanceFieldAO:1]]
[2019.03.26-12.12.41:440][  0]LogConfig: Setting CVar [[r.AOQuality:2]]
[2019.03.26-12.12.41:440][  0]LogConfig: Setting CVar [[r.VolumetricFog:1]]
[2019.03.26-12.12.41:440][  0]LogConfig: Setting CVar [[r.VolumetricFog.GridPixelSize:8]]
[2019.03.26-12.12.41:440][  0]LogConfig: Setting CVar [[r.VolumetricFog.GridSizeZ:128]]
[2019.03.26-12.12.41:440][  0]LogConfig: Setting CVar [[r.VolumetricFog.HistoryMissSupersampleCount:4]]
[2019.03.26-12.12.41:440][  0]LogConfig: Setting CVar [[r.LightMaxDrawDistanceScale:1]]
[2019.03.26-12.12.41:440][  0]LogConfig: Setting CVar [[r.CapsuleShadows:1]]
[2019.03.26-12.12.41:440][  0]LogConfig: Applying CVar settings from Section [PostProcessQuality@3] File [C:/Users/HP ZVR Backpack/Desktop/Dev/VREscapeRoom/mordentral-vrexppluginexample-d51abb2d3aa1/Saved/Config/Windows/Scalability.ini]
[2019.03.26-12.12.41:440][  0]LogConfig: Setting CVar [[r.MotionBlurQuality:0]]
[2019.03.26-12.12.41:440][  0]LogConfig: Setting CVar [[r.AmbientOcclusionMipLevelFactor:0.4]]
[2019.03.26-12.12.41:440][  0]LogConfig: Setting CVar [[r.AmbientOcclusionMaxQuality:100]]
[2019.03.26-12.12.41:440][  0]LogConfig: Setting CVar [[r.AmbientOcclusionLevels:0]]
[2019.03.26-12.12.41:440][  0]LogConfig: Setting CVar [[r.AmbientOcclusionRadiusScale:1.0]]
[2019.03.26-12.12.41:440][  0]LogConfig: Setting CVar [[r.DepthOfFieldQuality:0]]
[2019.03.26-12.12.41:440][  0]LogConfig: Setting CVar [[r.RenderTargetPoolMin:400]]
[2019.03.26-12.12.41:440][  0]LogConfig: Setting CVar [[r.LensFlareQuality:0]]
[2019.03.26-12.12.41:440][  0]LogConfig: Setting CVar [[r.SceneColorFringeQuality:0]]
[2019.03.26-12.12.41:440][  0]LogConfig: Setting CVar [[r.EyeAdaptationQuality:2]]
[2019.03.26-12.12.41:440][  0]LogConfig: Setting CVar [[r.BloomQuality:1]]
[2019.03.26-12.12.41:440][  0]LogConfig: Setting CVar [[r.FastBlurThreshold:0]]
[2019.03.26-12.12.41:440][  0]LogConfig: Setting CVar [[r.Upscale.Quality:3]]
[2019.03.26-12.12.41:440][  0]LogConfig: Setting CVar [[r.Tonemapper.GrainQuantization:1]]
[2019.03.26-12.12.41:440][  0]LogConfig: Setting CVar [[r.LightShaftQuality:1]]
[2019.03.26-12.12.41:440][  0]LogConfig: Setting CVar [[r.Filter.SizeScale:1]]
[2019.03.26-12.12.41:440][  0]LogConfig: Setting CVar [[r.Tonemapper.Quality:5]]
[2019.03.26-12.12.41:440][  0]LogConfig: Setting CVar [[r.DOF.Gather.AccumulatorQuality:1        ; higher gathering accumulator quality]]
[2019.03.26-12.12.41:440][  0]LogConfig: Setting CVar [[r.DOF.Gather.PostfilterMethod:1          ; Median3x3 postfilering method]]
[2019.03.26-12.12.41:440][  0]LogConfig: Setting CVar [[r.DOF.Gather.EnableBokehSettings:0       ; no bokeh simulation when gathering]]
[2019.03.26-12.12.41:440][  0]LogConfig: Setting CVar [[r.DOF.Gather.RingCount:4                 ; medium number of samples when gathering]]
[2019.03.26-12.12.41:440][  0]LogConfig: Setting CVar [[r.DOF.Scatter.ForegroundCompositing:1    ; additive foreground scattering]]
[2019.03.26-12.12.41:440][  0]LogConfig: Setting CVar [[r.DOF.Scatter.BackgroundCompositing:2    ; additive background scattering]]
[2019.03.26-12.12.41:440][  0]LogConfig: Setting CVar [[r.DOF.Scatter.EnableBokehSettings:1      ; bokeh simulation when scattering]]
[2019.03.26-12.12.41:440][  0]LogConfig: Setting CVar [[r.DOF.Scatter.MaxSpriteRatio:0.1         ; only a maximum of 10% of scattered bokeh]]
[2019.03.26-12.12.41:440][  0]LogConfig: Setting CVar [[r.DOF.Recombine.Quality:1                ; cheap slight out of focus]]
[2019.03.26-12.12.41:440][  0]LogConfig: Setting CVar [[r.DOF.Recombine.EnableBokehSettings:0    ; no bokeh simulation on slight out of focus]]
[2019.03.26-12.12.41:440][  0]LogConfig: Setting CVar [[r.DOF.TemporalAAQuality:1                ; more stable temporal accumulation]]
[2019.03.26-12.12.41:440][  0]LogConfig: Setting CVar [[r.DOF.Kernel.MaxForegroundRadius:0.025]]
[2019.03.26-12.12.41:440][  0]LogConfig: Setting CVar [[r.DOF.Kernel.MaxBackgroundRadius:0.025]]
[2019.03.26-12.12.41:440][  0]LogConfig: Applying CVar settings from Section [TextureQuality@3] File [C:/Users/HP ZVR Backpack/Desktop/Dev/VREscapeRoom/mordentral-vrexppluginexample-d51abb2d3aa1/Saved/Config/Windows/Scalability.ini]
[2019.03.26-12.12.41:440][  0]LogConfig: Setting CVar [[r.Streaming.MipBias:0]]
[2019.03.26-12.12.41:440][  0]LogConfig: Setting CVar [[r.Streaming.AmortizeCPUToGPUCopy:0]]
[2019.03.26-12.12.41:440][  0]LogConfig: Setting CVar [[r.Streaming.MaxNumTexturesToStreamPerFrame:0]]
[2019.03.26-12.12.41:440][  0]LogConfig: Setting CVar [[r.Streaming.Boost:1]]
[2019.03.26-12.12.41:440][  0]LogConfig: Setting CVar [[r.MaxAnisotropy:8]]
[2019.03.26-12.12.41:440][  0]LogConfig: Setting CVar [[r.Streaming.LimitPoolSizeToVRAM:0]]
[2019.03.26-12.12.41:440][  0]LogConfig: Setting CVar [[r.Streaming.PoolSize:1000]]
[2019.03.26-12.12.41:441][  0]LogConfig: Setting CVar [[r.Streaming.MaxEffectiveScreenSize:0]]
[2019.03.26-12.12.41:441][  0]LogConfig: Applying CVar settings from Section [EffectsQuality@3] File [C:/Users/HP ZVR Backpack/Desktop/Dev/VREscapeRoom/mordentral-vrexppluginexample-d51abb2d3aa1/Saved/Config/Windows/Scalability.ini]
[2019.03.26-12.12.41:441][  0]LogConfig: Setting CVar [[r.TranslucencyLightingVolumeDim:4]]
[2019.03.26-12.12.41:441][  0]LogConfig: Setting CVar [[r.RefractionQuality:2]]
[2019.03.26-12.12.41:441][  0]LogConfig: Setting CVar [[r.SSR.Quality:0]]
[2019.03.26-12.12.41:441][  0]LogConfig: Setting CVar [[r.SceneColorFormat:2]]
[2019.03.26-12.12.41:441][  0]LogConfig: Setting CVar [[r.DetailMode:2]]
[2019.03.26-12.12.41:441][  0]LogConfig: Setting CVar [[r.TranslucencyVolumeBlur:0]]
[2019.03.26-12.12.41:441][  0]LogConfig: Setting CVar [[r.MaterialQualityLevel:1 ; High quality]]
[2019.03.26-12.12.41:441][  0]LogConfig: Setting CVar [[r.SSS.Scale:1]]
[2019.03.26-12.12.41:441][  0]LogConfig: Setting CVar [[r.SSS.SampleSet:2]]
[2019.03.26-12.12.41:441][  0]LogConfig: Setting CVar [[r.SSS.Quality:1]]
[2019.03.26-12.12.41:441][  0]LogConfig: Setting CVar [[r.SSS.HalfRes:1]]
[2019.03.26-12.12.41:441][  0]LogConfig: Setting CVar [[r.EmitterSpawnRateScale:1.0]]
[2019.03.26-12.12.41:441][  0]LogConfig: Setting CVar [[r.ParticleLightQuality:2]]
[2019.03.26-12.12.41:441][  0]LogConfig: Applying CVar settings from Section [FoliageQuality@3] File [C:/Users/HP ZVR Backpack/Desktop/Dev/VREscapeRoom/mordentral-vrexppluginexample-d51abb2d3aa1/Saved/Config/Windows/Scalability.ini]
[2019.03.26-12.12.41:441][  0]LogConfig: Setting CVar [[foliage.DensityScale:1.0]]
[2019.03.26-12.12.41:441][  0]LogConfig: Setting CVar [[grass.DensityScale:1.0]]
[2019.03.26-12.12.41:441][  0]LogInit: Selected Device Profile: [Windows]
[2019.03.26-12.12.41:441][  0]LogInit: Applying CVar settings loaded from the selected device profile: [Windows]
[2019.03.26-12.12.41:456][  0]LogHAL: Display: Platform has ~ 16 GB [17099833344 / 17179869184 / 16], which maps to Larger [LargestMinGB=32, LargerMinGB=12, DefaultMinGB=8, SmallerMinGB=6, SmallestMinGB=0)
[2019.03.26-12.12.41:456][  0]LogConfig: Setting CVar [[r.Vulkan.UseRealUBs:1]]
[2019.03.26-12.12.41:456][  0]LogInit: Going up to parent DeviceProfile []
[2019.03.26-12.12.41:456][  0]LogConfig: Applying CVar settings from Section [ViewDistanceQuality@3] File [C:/Users/HP ZVR Backpack/Desktop/Dev/VREscapeRoom/mordentral-vrexppluginexample-d51abb2d3aa1/Saved/Config/Windows/Scalability.ini]
[2019.03.26-12.12.41:456][  0]LogConfig: Setting CVar [[r.SkeletalMeshLODBias:0]]
[2019.03.26-12.12.41:456][  0]LogConfig: Setting CVar [[r.ViewDistanceScale:1.0]]
[2019.03.26-12.12.41:456][  0]LogConfig: Applying CVar settings from Section [AntiAliasingQuality@3] File [C:/Users/HP ZVR Backpack/Desktop/Dev/VREscapeRoom/mordentral-vrexppluginexample-d51abb2d3aa1/Saved/Config/Windows/Scalability.ini]
[2019.03.26-12.12.41:456][  0]LogConfig: Setting CVar [[r.PostProcessAAQuality:3]]
[2019.03.26-12.12.41:456][  0]LogConfig: Applying CVar settings from Section [ShadowQuality@3] File [C:/Users/HP ZVR Backpack/Desktop/Dev/VREscapeRoom/mordentral-vrexppluginexample-d51abb2d3aa1/Saved/Config/Windows/Scalability.ini]
[2019.03.26-12.12.41:456][  0]LogConfig: Setting CVar [[r.LightFunctionQuality:1]]
[2019.03.26-12.12.41:456][  0]LogConfig: Setting CVar [[r.ShadowQuality:5]]
[2019.03.26-12.12.41:456][  0]LogConfig: Setting CVar [[r.Shadow.CSM.MaxCascades:10]]
[2019.03.26-12.12.41:456][  0]LogConfig: Setting CVar [[r.Shadow.MaxResolution:2048]]
[2019.03.26-12.12.41:456][  0]LogConfig: Setting CVar [[r.Shadow.MaxCSMResolution:2048]]
[2019.03.26-12.12.41:456][  0]LogConfig: Setting CVar [[r.Shadow.RadiusThreshold:0.01]]
[2019.03.26-12.12.41:456][  0]LogConfig: Setting CVar [[r.Shadow.DistanceScale:1.0]]
[2019.03.26-12.12.41:456][  0]LogConfig: Setting CVar [[r.Shadow.CSM.TransitionScale:1.0]]
[2019.03.26-12.12.41:456][  0]LogConfig: Setting CVar [[r.Shadow.PreShadowResolutionFactor:1.0]]
[2019.03.26-12.12.41:456][  0]LogConfig: Setting CVar [[r.DistanceFieldShadowing:1]]
[2019.03.26-12.12.41:456][  0]LogConfig: Setting CVar [[r.DistanceFieldAO:1]]
[2019.03.26-12.12.41:456][  0]LogConfig: Setting CVar [[r.AOQuality:2]]
[2019.03.26-12.12.41:456][  0]LogConfig: Setting CVar [[r.VolumetricFog:1]]
[2019.03.26-12.12.41:456][  0]LogConfig: Setting CVar [[r.VolumetricFog.GridPixelSize:8]]
[2019.03.26-12.12.41:456][  0]LogConfig: Setting CVar [[r.VolumetricFog.GridSizeZ:128]]
[2019.03.26-12.12.41:456][  0]LogConfig: Setting CVar [[r.VolumetricFog.HistoryMissSupersampleCount:4]]
[2019.03.26-12.12.41:456][  0]LogConfig: Setting CVar [[r.LightMaxDrawDistanceScale:1]]
[2019.03.26-12.12.41:456][  0]LogConfig: Setting CVar [[r.CapsuleShadows:1]]
[2019.03.26-12.12.41:456][  0]LogConfig: Applying CVar settings from Section [PostProcessQuality@3] File [C:/Users/HP ZVR Backpack/Desktop/Dev/VREscapeRoom/mordentral-vrexppluginexample-d51abb2d3aa1/Saved/Config/Windows/Scalability.ini]
[2019.03.26-12.12.41:457][  0]LogConfig: Setting CVar [[r.MotionBlurQuality:0]]
[2019.03.26-12.12.41:457][  0]LogConfig: Setting CVar [[r.AmbientOcclusionMipLevelFactor:0.4]]
[2019.03.26-12.12.41:457][  0]LogConfig: Setting CVar [[r.AmbientOcclusionMaxQuality:100]]
[2019.03.26-12.12.41:457][  0]LogConfig: Setting CVar [[r.AmbientOcclusionLevels:0]]
[2019.03.26-12.12.41:457][  0]LogConfig: Setting CVar [[r.AmbientOcclusionRadiusScale:1.0]]
[2019.03.26-12.12.41:457][  0]LogConfig: Setting CVar [[r.DepthOfFieldQuality:0]]
[2019.03.26-12.12.41:457][  0]LogConfig: Setting CVar [[r.RenderTargetPoolMin:400]]
[2019.03.26-12.12.41:457][  0]LogConfig: Setting CVar [[r.LensFlareQuality:0]]
[2019.03.26-12.12.41:457][  0]LogConfig: Setting CVar [[r.SceneColorFringeQuality:0]]
[2019.03.26-12.12.41:457][  0]LogConfig: Setting CVar [[r.EyeAdaptationQuality:2]]
[2019.03.26-12.12.41:457][  0]LogConfig: Setting CVar [[r.BloomQuality:1]]
[2019.03.26-12.12.41:457][  0]LogConfig: Setting CVar [[r.FastBlurThreshold:0]]
[2019.03.26-12.12.41:457][  0]LogConfig: Setting CVar [[r.Upscale.Quality:3]]
[2019.03.26-12.12.41:457][  0]LogConfig: Setting CVar [[r.Tonemapper.GrainQuantization:1]]
[2019.03.26-12.12.41:457][  0]LogConfig: Setting CVar [[r.LightShaftQuality:1]]
[2019.03.26-12.12.41:457][  0]LogConfig: Setting CVar [[r.Filter.SizeScale:1]]
[2019.03.26-12.12.41:457][  0]LogConfig: Setting CVar [[r.Tonemapper.Quality:5]]
[2019.03.26-12.12.41:457][  0]LogConfig: Setting CVar [[r.DOF.Gather.AccumulatorQuality:1        ; higher gathering accumulator quality]]
[2019.03.26-12.12.41:457][  0]LogConfig: Setting CVar [[r.DOF.Gather.PostfilterMethod:1          ; Median3x3 postfilering method]]
[2019.03.26-12.12.41:457][  0]LogConfig: Setting CVar [[r.DOF.Gather.EnableBokehSettings:0       ; no bokeh simulation when gathering]]
[2019.03.26-12.12.41:457][  0]LogConfig: Setting CVar [[r.DOF.Gather.RingCount:4                 ; medium number of samples when gathering]]
[2019.03.26-12.12.41:457][  0]LogConfig: Setting CVar [[r.DOF.Scatter.ForegroundCompositing:1    ; additive foreground scattering]]
[2019.03.26-12.12.41:457][  0]LogConfig: Setting CVar [[r.DOF.Scatter.BackgroundCompositing:2    ; additive background scattering]]
[2019.03.26-12.12.41:457][  0]LogConfig: Setting CVar [[r.DOF.Scatter.EnableBokehSettings:1      ; bokeh simulation when scattering]]
[2019.03.26-12.12.41:457][  0]LogConfig: Setting CVar [[r.DOF.Scatter.MaxSpriteRatio:0.1         ; only a maximum of 10% of scattered bokeh]]
[2019.03.26-12.12.41:457][  0]LogConfig: Setting CVar [[r.DOF.Recombine.Quality:1                ; cheap slight out of focus]]
[2019.03.26-12.12.41:457][  0]LogConfig: Setting CVar [[r.DOF.Recombine.EnableBokehSettings:0    ; no bokeh simulation on slight out of focus]]
[2019.03.26-12.12.41:457][  0]LogConfig: Setting CVar [[r.DOF.TemporalAAQuality:1                ; more stable temporal accumulation]]
[2019.03.26-12.12.41:457][  0]LogConfig: Setting CVar [[r.DOF.Kernel.MaxForegroundRadius:0.025]]
[2019.03.26-12.12.41:457][  0]LogConfig: Setting CVar [[r.DOF.Kernel.MaxBackgroundRadius:0.025]]
[2019.03.26-12.12.41:457][  0]LogConfig: Applying CVar settings from Section [TextureQuality@3] File [C:/Users/HP ZVR Backpack/Desktop/Dev/VREscapeRoom/mordentral-vrexppluginexample-d51abb2d3aa1/Saved/Config/Windows/Scalability.ini]
[2019.03.26-12.12.41:457][  0]LogConfig: Setting CVar [[r.Streaming.MipBias:0]]
[2019.03.26-12.12.41:457][  0]LogConfig: Setting CVar [[r.Streaming.AmortizeCPUToGPUCopy:0]]
[2019.03.26-12.12.41:457][  0]LogConfig: Setting CVar [[r.Streaming.MaxNumTexturesToStreamPerFrame:0]]
[2019.03.26-12.12.41:457][  0]LogConfig: Setting CVar [[r.Streaming.Boost:1]]
[2019.03.26-12.12.41:457][  0]LogConfig: Setting CVar [[r.MaxAnisotropy:8]]
[2019.03.26-12.12.41:457][  0]LogConfig: Setting CVar [[r.Streaming.LimitPoolSizeToVRAM:0]]
[2019.03.26-12.12.41:457][  0]LogConfig: Setting CVar [[r.Streaming.PoolSize:1000]]
[2019.03.26-12.12.41:457][  0]LogConfig: Setting CVar [[r.Streaming.MaxEffectiveScreenSize:0]]
[2019.03.26-12.12.41:457][  0]LogConfig: Applying CVar settings from Section [EffectsQuality@3] File [C:/Users/HP ZVR Backpack/Desktop/Dev/VREscapeRoom/mordentral-vrexppluginexample-d51abb2d3aa1/Saved/Config/Windows/Scalability.ini]
[2019.03.26-12.12.41:457][  0]LogConfig: Setting CVar [[r.TranslucencyLightingVolumeDim:4]]
[2019.03.26-12.12.41:457][  0]LogConfig: Setting CVar [[r.RefractionQuality:2]]
[2019.03.26-12.12.41:457][  0]LogConfig: Setting CVar [[r.SSR.Quality:0]]
[2019.03.26-12.12.41:457][  0]LogConfig: Setting CVar [[r.SceneColorFormat:2]]
[2019.03.26-12.12.41:457][  0]LogConfig: Setting CVar [[r.DetailMode:2]]
[2019.03.26-12.12.41:457][  0]LogConfig: Setting CVar [[r.TranslucencyVolumeBlur:0]]
[2019.03.26-12.12.41:457][  0]LogConfig: Setting CVar [[r.MaterialQualityLevel:1 ; High quality]]
[2019.03.26-12.12.41:457][  0]LogConfig: Setting CVar [[r.SSS.Scale:1]]
[2019.03.26-12.12.41:457][  0]LogConfig: Setting CVar [[r.SSS.SampleSet:2]]
[2019.03.26-12.12.41:457][  0]LogConfig: Setting CVar [[r.SSS.Quality:1]]
[2019.03.26-12.12.41:457][  0]LogConfig: Setting CVar [[r.SSS.HalfRes:1]]
[2019.03.26-12.12.41:457][  0]LogConfig: Setting CVar [[r.EmitterSpawnRateScale:1.0]]
[2019.03.26-12.12.41:457][  0]LogConfig: Setting CVar [[r.ParticleLightQuality:2]]
[2019.03.26-12.12.41:457][  0]LogConfig: Applying CVar settings from Section [FoliageQuality@3] File [C:/Users/HP ZVR Backpack/Desktop/Dev/VREscapeRoom/mordentral-vrexppluginexample-d51abb2d3aa1/Saved/Config/Windows/Scalability.ini]
[2019.03.26-12.12.41:457][  0]LogConfig: Setting CVar [[foliage.DensityScale:1.0]]
[2019.03.26-12.12.41:457][  0]LogConfig: Setting CVar [[grass.DensityScale:1.0]]
[2019.03.26-12.12.41:457][  0]LogConfig: Applying CVar settings from Section [Startup] File [../../../Engine/Config/ConsoleVariables.ini]
[2019.03.26-12.12.41:457][  0]LogConfig: Setting CVar [[net.UseAdaptiveNetUpdateFrequency:0]]
[2019.03.26-12.12.41:457][  0]LogConfig: Applying CVar settings from Section [ConsoleVariables] File [C:/Users/HP ZVR Backpack/Desktop/Dev/VREscapeRoom/mordentral-vrexppluginexample-d51abb2d3aa1/Saved/Config/Windows/Engine.ini]
[2019.03.26-12.12.41:458][  0]LogInit: Computer: DESKTOP-GMKVEES
[2019.03.26-12.12.41:458][  0]LogInit: User: HPZVRBackpack
[2019.03.26-12.12.41:458][  0]LogInit: CPU Page size=4096, Cores=4
[2019.03.26-12.12.41:458][  0]LogInit: High frequency timer resolution =10.000000 MHz
[2019.03.26-12.12.41:458][  0]LogMemory: Memory total: Physical=15.9GB (16GB approx)
[2019.03.26-12.12.41:458][  0]LogMemory: Platform Memory Stats for Windows
[2019.03.26-12.12.41:458][  0]LogMemory: Process Physical Memory: 102.95 MB used, 102.95 MB peak
[2019.03.26-12.12.41:458][  0]LogMemory: Process Virtual Memory: 91.47 MB used, 91.47 MB peak
[2019.03.26-12.12.41:458][  0]LogMemory: Physical Memory: 7798.44 MB used,  8509.23 MB free, 16307.67 MB total
[2019.03.26-12.12.41:458][  0]LogMemory: Virtual Memory: 4651.24 MB used,  134213080.00 MB free, 134217728.00 MB total
[2019.03.26-12.12.41:472][  0]LogInit: Using OS detected language (en-GB).
[2019.03.26-12.12.41:472][  0]LogInit: Using OS detected locale (en-US).
[2019.03.26-12.12.41:473][  0]LogTextLocalizationManager: No specific localization for 'en-GB' exists, so the 'en' localization will be used.
[2019.03.26-12.12.41:874][  0]LogStreaming: Display: Took  0.402s to InitEngineTextLocalization.
[2019.03.26-12.12.41:899][  0]LogSlate: New Slate User Created.  User Index 0, Is Virtual User: 0
[2019.03.26-12.12.41:899][  0]LogSlate: Slate User Registered.  User Index 0, Is Virtual User: 0
[2019.03.26-12.12.43:056][  0]LogD3D11RHI: D3D11 adapters:
[2019.03.26-12.12.43:135][  0]LogD3D11RHI:    0. 'NVIDIA Quadro P5200' (Feature Level 11_0)
[2019.03.26-12.12.43:135][  0]LogD3D11RHI:       16255/0/8153 MB DedicatedVideo/DedicatedSystem/SharedSystem, Outputs:1, VendorId:0x10de
[2019.03.26-12.12.43:137][  0]LogD3D11RHI:    1. 'Microsoft Basic Render Driver' (Feature Level 11_0)
[2019.03.26-12.12.43:137][  0]LogD3D11RHI:       0/0/8153 MB DedicatedVideo/DedicatedSystem/SharedSystem, Outputs:0, VendorId:0x1414
[2019.03.26-12.12.43:137][  0]LogD3D11RHI: Chosen D3D11 Adapter: 0
[2019.03.26-12.12.43:146][  0]LogD3D11RHI: Creating new Direct3DDevice
[2019.03.26-12.12.43:146][  0]LogD3D11RHI:     GPU DeviceId: 0x1bb5 (for the marketing name, search the web for "GPU Device Id")
[2019.03.26-12.12.43:147][  0]LogWindows: EnumDisplayDevices:
[2019.03.26-12.12.43:147][  0]LogWindows:    0. 'NVIDIA Quadro P5200' (P:1 D:1)
[2019.03.26-12.12.43:148][  0]LogWindows:    1. 'NVIDIA Quadro P5200' (P:0 D:0)
[2019.03.26-12.12.43:148][  0]LogWindows:    2. 'NVIDIA Quadro P5200' (P:0 D:0)
[2019.03.26-12.12.43:148][  0]LogWindows:    3. 'NVIDIA Quadro P5200' (P:0 D:0)
[2019.03.26-12.12.43:148][  0]LogWindows: DebugString: FoundDriverCount:4 
[2019.03.26-12.12.43:148][  0]LogD3D11RHI:     Adapter Name: NVIDIA Quadro P5200
[2019.03.26-12.12.43:148][  0]LogD3D11RHI:   Driver Version: 416.58 (internal:25.21.14.1658, unified:416.58)
[2019.03.26-12.12.43:148][  0]LogD3D11RHI:      Driver Date: 10-23-2018
[2019.03.26-12.12.43:148][  0]LogRHI: Texture pool is 11378 MB (70% of 16255 MB)
[2019.03.26-12.12.43:208][  0]LogD3D11RHI: Async texture creation enabled
[2019.03.26-12.12.43:230][  0]LogD3D11RHI: GPU Timing Frequency: 1000.000000 (Debug: 2 2)
[2019.03.26-12.12.43:723][  0]LogTemp: Display: Loaded TP AllDesktopTargetPlatform
[2019.03.26-12.12.43:742][  0]LogTemp: Display: Loaded TP MacClientTargetPlatform
[2019.03.26-12.12.43:762][  0]LogTemp: Display: Loaded TP MacNoEditorTargetPlatform
[2019.03.26-12.12.43:791][  0]LogTemp: Display: Loaded TP MacServerTargetPlatform
[2019.03.26-12.12.43:818][  0]LogTemp: Display: Loaded TP MacTargetPlatform
[2019.03.26-12.12.43:841][  0]LogTemp: Display: Loaded TP WindowsClientTargetPlatform
[2019.03.26-12.12.43:864][  0]LogTemp: Display: Loaded TP WindowsNoEditorTargetPlatform
[2019.03.26-12.12.43:882][  0]LogTemp: Display: Loaded TP WindowsServerTargetPlatform
[2019.03.26-12.12.43:892][  0]LogTemp: Display: Loaded TP WindowsTargetPlatform
[2019.03.26-12.12.44:002][  0]LogTemp: Display: Loaded TP AndroidTargetPlatform
[2019.03.26-12.12.44:002][  0]LogTemp: Display: Loaded TP AndroidTargetPlatform
[2019.03.26-12.12.44:002][  0]LogTemp: Display: Loaded TP AndroidTargetPlatform
[2019.03.26-12.12.44:002][  0]LogTemp: Display: Loaded TP AndroidTargetPlatform
[2019.03.26-12.12.44:002][  0]LogTemp: Display: Loaded TP AndroidTargetPlatform
[2019.03.26-12.12.44:002][  0]LogTemp: Display: Loaded TP AndroidTargetPlatform
[2019.03.26-12.12.44:002][  0]LogTemp: Display: Loaded TP AndroidTargetPlatform
[2019.03.26-12.12.44:002][  0]LogTemp: Display: Loaded TP AndroidTargetPlatform
[2019.03.26-12.12.44:002][  0]LogTemp: Display: Loaded TP AndroidTargetPlatform
[2019.03.26-12.12.44:002][  0]LogTemp: Display: Loaded TP AndroidTargetPlatform
[2019.03.26-12.12.44:002][  0]LogTemp: Display: Loaded TP AndroidTargetPlatform
[2019.03.26-12.12.44:002][  0]LogTemp: Display: Loaded TP AndroidTargetPlatform
[2019.03.26-12.12.44:002][  0]LogTemp: Display: Loaded TP AndroidTargetPlatform
[2019.03.26-12.12.44:002][  0]LogTemp: Display: Loaded TP AndroidTargetPlatform
[2019.03.26-12.12.44:002][  0]LogTemp: Display: Loaded TP AndroidTargetPlatform
[2019.03.26-12.12.44:002][  0]LogTemp: Display: Loaded TP AndroidTargetPlatform
[2019.03.26-12.12.44:002][  0]LogTemp: Display: Loaded TP AndroidTargetPlatform
[2019.03.26-12.12.44:002][  0]LogTemp: Display: Loaded TP AndroidTargetPlatform
[2019.03.26-12.12.44:004][  0]LogTemp: Display: Loaded TP HTML5TargetPlatform
[2019.03.26-12.12.44:075][  0]LogTemp: Display: Loaded TP IOSTargetPlatform
[2019.03.26-12.12.44:075][  0]LogTemp: Display: Loaded TP IOSTargetPlatform
[2019.03.26-12.12.44:113][  0]LogTemp: Display: Loaded TP TVOSTargetPlatform
[2019.03.26-12.12.44:113][  0]LogTemp: Display: Loaded TP TVOSTargetPlatform
[2019.03.26-12.12.44:273][  0]LogTemp: Display: Loaded TP LinuxClientTargetPlatform
[2019.03.26-12.12.44:298][  0]LogTemp: Display: Loaded TP LinuxNoEditorTargetPlatform
[2019.03.26-12.12.44:326][  0]LogTemp: Display: Loaded TP LinuxServerTargetPlatform
[2019.03.26-12.12.44:355][  0]LogTemp: Display: Loaded TP LinuxTargetPlatform
[2019.03.26-12.12.44:435][  0]LogTemp: Display: Loaded TP LuminTargetPlatform
[2019.03.26-12.12.44:435][  0]LogTemp: Display: Loaded TP LuminTargetPlatform
[2019.03.26-12.12.44:435][  0]LogTargetPlatformManager: Display: Building Assets For Windows
[2019.03.26-12.12.44:502][  0]LogShaderCompilers: Guid format shader working directory is -51 characters bigger than the processId version (../../../../../../Users/HP ZVR Backpack/Desktop/Dev/VREscapeRoom/mordentral-vrexppluginexample-d51abb2d3aa1/Intermediate/Shaders/WorkingDirectory/6908/).
[2019.03.26-12.12.44:502][  0]LogShaderCompilers: Cleaned the shader compiler working directory 'C:/Users/HP ZVR Backpack/AppData/Local/Temp/UnrealShaderWorkingDir/321FA38D4CE2CF4C952A16BEE75F7910/'.
[2019.03.26-12.12.44:505][  0]LogXGEController: Cannot use XGE Controller as Incredibuild is not installed on this machine.
[2019.03.26-12.12.44:505][  0]LogShaderCompilers: Cannot use XGE Shader Compiler as Incredibuild is not installed on this machine.
[2019.03.26-12.12.44:505][  0]LogShaderCompilers: Display: Using Local Shader Compiler.
[2019.03.26-12.12.45:338][  0]LogDerivedDataCache: Display: Max Cache Size: 512 MB
[2019.03.26-12.12.45:394][  0]LogDerivedDataCache: Loaded boot cache 0.06s 71MB C:/Users/HP ZVR Backpack/AppData/Local/UnrealEngine/4.21/DerivedDataCache/Boot.ddc.
[2019.03.26-12.12.45:394][  0]LogDerivedDataCache: Display: Loaded Boot cache: C:/Users/HP ZVR Backpack/AppData/Local/UnrealEngine/4.21/DerivedDataCache/Boot.ddc
[2019.03.26-12.12.45:394][  0]LogDerivedDataCache: FDerivedDataBackendGraph:  Pak pak cache file ../../../../../../Users/HP ZVR Backpack/Desktop/Dev/VREscapeRoom/mordentral-vrexppluginexample-d51abb2d3aa1/DerivedDataCache/DDC.ddp not found, will not use a pak cache.
[2019.03.26-12.12.45:394][  0]LogDerivedDataCache: Unable to find inner node Pak for hierarchical cache Hierarchy.
[2019.03.26-12.12.45:394][  0]LogDerivedDataCache: FDerivedDataBackendGraph:  CompressedPak pak cache file ../../../../../../Users/HP ZVR Backpack/Desktop/Dev/VREscapeRoom/mordentral-vrexppluginexample-d51abb2d3aa1/DerivedDataCache/Compressed.ddp not found, will not use a pak cache.
[2019.03.26-12.12.45:394][  0]LogDerivedDataCache: Unable to find inner node CompressedPak for hierarchical cache Hierarchy.
[2019.03.26-12.12.45:414][  0]LogDerivedDataCache: Display: Pak cache opened for reading ../../../Engine/DerivedDataCache/Compressed.ddp.
[2019.03.26-12.12.45:414][  0]LogDerivedDataCache: FDerivedDataBackendGraph:  EnterprisePak pak cache file ../../../Enterprise/DerivedDataCache/Compressed.ddp not found, will not use a pak cache.
[2019.03.26-12.12.45:414][  0]LogDerivedDataCache: Unable to find inner node EnterprisePak for hierarchical cache Hierarchy.
[2019.03.26-12.12.45:426][  0]LogDerivedDataCache: Using Local data cache path C:/Users/HP ZVR Backpack/AppData/Local/UnrealEngine/Common/DerivedDataCache: Writable
[2019.03.26-12.12.45:426][  0]LogDerivedDataCache: Shared data cache path not found in *engine.ini, will not use an Shared cache.
[2019.03.26-12.12.45:426][  0]LogDerivedDataCache: Unable to find inner node Shared for hierarchical cache Hierarchy.
[2019.03.26-12.12.45:463][  0]LogMaterial: Verifying Global Shaders for PCD3D_SM5
[2019.03.26-12.12.45:465][  0]LogSlate: Using FreeType 2.6.0
[2019.03.26-12.12.45:466][  0]LogSlate: SlateFontServices - WITH_FREETYPE: 1, WITH_HARFBUZZ: 1
[2019.03.26-12.12.45:577][  0]LogAssetRegistry: FAssetRegistry took 0.0459 seconds to start up
[2019.03.26-12.12.46:072][  0]LogInit: Selected Device Profile: [Windows]
[2019.03.26-12.12.46:290][  0]LogSimplygon: Simplygon DLL not present - disabling.
[2019.03.26-12.12.46:294][  0]LogMeshReduction: Using SimplygonSwarm for distributed automatic mesh merging
[2019.03.26-12.12.46:294][  0]LogMeshReduction: Using ProxyLODMeshReduction for automatic mesh merging
[2019.03.26-12.12.46:294][  0]LogMeshReduction: Using QuadricMeshReduction for automatic static mesh reduction
[2019.03.26-12.12.46:294][  0]LogMeshReduction: No automatic skeletal mesh reduction module available
[2019.03.26-12.12.46:310][  0]LogNetVersion: VRExpPluginExample 1.0.0, NetCL: 4541578, EngineNetVer: 5, GameNetVer: 0 (Checksum: 4206975451)
[2019.03.26-12.12.47:053][  0]LogPackageLocalizationCache: Processed 11 localized package path(s) for 2 prioritized culture(s) in 0.121028 seconds
[2019.03.26-12.12.47:061][  0]LogUObjectArray: 39784 objects as part of root set at end of initial load.
[2019.03.26-12.12.47:061][  0]LogUObjectAllocator: 6925464 out of 0 bytes used by permanent object pool.
[2019.03.26-12.12.47:061][  0]LogUObjectArray: CloseDisregardForGC: 0/0 objects in disregard for GC pool
[2019.03.26-12.12.47:891][  0]LogMaterial: Display: Missing cached shader map for material BaseColor, compiling. 
[2019.03.26-12.12.47:892][  0]LogMaterial: Warning: C:\Program Files\Epic Games\UE_4.21\Engine\Content\BufferVisualization\BaseColor.uasset: Failed to compile Material for platform PCD3D_SM5, Default Material will be used in game.
[2019.03.26-12.12.47:892][  0]LogMaterial: 	(Node SceneTexture) GBuffer scene textures not available with forward shading.
[2019.03.26-12.12.47:962][  0]LogMaterial: Display: Missing cached shader map for material LightingModel, compiling. 
[2019.03.26-12.12.47:963][  0]LogMaterial: Warning: C:\Program Files\Epic Games\UE_4.21\Engine\Content\BufferVisualization\LightingModel.uasset: Failed to compile Material for platform PCD3D_SM5, Default Material will be used in game.
[2019.03.26-12.12.47:963][  0]LogMaterial: 	(Node SceneTexture) GBuffer scene textures not available with forward shading.
[2019.03.26-12.12.47:967][  0]LogMaterial: Display: Missing cached shader map for material MaterialAO, compiling. 
[2019.03.26-12.12.47:968][  0]LogMaterial: Warning: C:\Program Files\Epic Games\UE_4.21\Engine\Content\BufferVisualization\MaterialAO.uasset: Failed to compile Material for platform PCD3D_SM5, Default Material will be used in game.
[2019.03.26-12.12.47:968][  0]LogMaterial: 	(Node SceneTexture) GBuffer scene textures not available with forward shading.
[2019.03.26-12.12.47:972][  0]LogMaterial: Display: Missing cached shader map for material Metallic, compiling. 
[2019.03.26-12.12.47:973][  0]LogMaterial: Warning: C:\Program Files\Epic Games\UE_4.21\Engine\Content\BufferVisualization\Metallic.uasset: Failed to compile Material for platform PCD3D_SM5, Default Material will be used in game.
[2019.03.26-12.12.47:973][  0]LogMaterial: 	(Node SceneTexture) GBuffer scene textures not available with forward shading.
[2019.03.26-12.12.47:977][  0]LogMaterial: Display: Missing cached shader map for material Opacity, compiling. 
[2019.03.26-12.12.47:978][  0]LogMaterial: Warning: C:\Program Files\Epic Games\UE_4.21\Engine\Content\BufferVisualization\Opacity.uasset: Failed to compile Material for platform PCD3D_SM5, Default Material will be used in game.
[2019.03.26-12.12.47:978][  0]LogMaterial: 	(Node SceneTexture) GBuffer scene textures not available with forward shading.
[2019.03.26-12.12.47:983][  0]LogMaterial: Display: Missing cached shader map for material Roughness, compiling. 
[2019.03.26-12.12.47:983][  0]LogMaterial: Warning: C:\Program Files\Epic Games\UE_4.21\Engine\Content\BufferVisualization\Roughness.uasset: Failed to compile Material for platform PCD3D_SM5, Default Material will be used in game.
[2019.03.26-12.12.47:984][  0]LogMaterial: 	(Node SceneTexture) GBuffer scene textures not available with forward shading.
[2019.03.26-12.12.48:052][  0]LogMaterial: Display: Missing cached shader map for material Specular, compiling. 
[2019.03.26-12.12.48:052][  0]LogMaterial: Warning: C:\Program Files\Epic Games\UE_4.21\Engine\Content\BufferVisualization\Specular.uasset: Failed to compile Material for platform PCD3D_SM5, Default Material will be used in game.
[2019.03.26-12.12.48:052][  0]LogMaterial: 	(Node SceneTexture) GBuffer scene textures not available with forward shading.
[2019.03.26-12.12.48:058][  0]LogMaterial: Display: Missing cached shader map for material SubsurfaceColor, compiling. 
[2019.03.26-12.12.48:059][  0]LogMaterial: Warning: C:\Program Files\Epic Games\UE_4.21\Engine\Content\BufferVisualization\SubsurfaceColor.uasset: Failed to compile Material for platform PCD3D_SM5, Default Material will be used in game.
[2019.03.26-12.12.48:059][  0]LogMaterial: 	(Node SceneTexture) GBuffer scene textures not available with forward shading.
[2019.03.26-12.12.48:064][  0]LogMaterial: Display: Missing cached shader map for material WorldNormal, compiling. 
[2019.03.26-12.12.48:065][  0]LogMaterial: Warning: C:\Program Files\Epic Games\UE_4.21\Engine\Content\BufferVisualization\WorldNormal.uasset: Failed to compile Material for platform PCD3D_SM5, Default Material will be used in game.
[2019.03.26-12.12.48:065][  0]LogMaterial: 	(Node SceneTexture) GBuffer scene textures not available with forward shading.
[2019.03.26-12.12.48:191][  0]LogTcpMessaging: Initializing TcpMessaging bridge
[2019.03.26-12.12.48:205][  0]LogUdpMessaging: Initializing bridge on interface 0.0.0.0:0 to multicast group 230.0.0.1:6666.
[2019.03.26-12.12.49:030][  0]LogModuleManager: Warning: ModuleManager: Unable to load module 'AdvancedSessions' because the file 'C:/Users/HP ZVR Backpack/Desktop/Dev/VREscapeRoom/mordentral-vrexppluginexample-d51abb2d3aa1/Plugins/AdvancedSessions/AdvancedSessions/Binaries/Win64/UE4Editor-AdvancedSessions.dll' was not found.
[2019.03.26-12.13.11:693][  0]LogWindowsTextInputMethodSystem: Display: IME system now deactivated.
[2019.03.26-12.13.11:710][  0]LogSlate: Slate User Destroyed.  User Index 0, Is Virtual User: 0
[2019.03.26-12.13.11:710][  0]LogExit: Preparing to exit.
[2019.03.26-12.13.12:482][  0]LogExit: Object subsystem successfully closed.
[2019.03.26-12.13.12:499][  0]LogShaderCompilers: Display: Shaders left to compile 0
[2019.03.26-12.13.12:500][  0]LogD3D11RHI: Shutdown
[2019.03.26-12.13.12:500][  0]LogD3D11RHI: CleanupD3DDevice
[2019.03.26-12.13.12:554][  0]LogD3D11RHI: ~FD3D11DynamicRHI
[2019.03.26-12.13.12:569][  0]LogModuleManager: Shutting down and abandoning module RuntimePhysXCooking (296)
[2019.03.26-12.13.12:569][  0]LogModuleManager: Shutting down and abandoning module PhysXVehiclesEditor (294)
[2019.03.26-12.13.12:569][  0]LogModuleManager: Shutting down and abandoning module PhysXVehicles (292)
[2019.03.26-12.13.12:569][  0]LogModuleManager: Shutting down and abandoning module OculusEditor (290)
[2019.03.26-12.13.12:569][  0]LogModuleManager: Shutting down and abandoning module LocationServicesBPLibrary (288)
[2019.03.26-12.13.12:569][  0]LogModuleManager: Shutting down and abandoning module ActorSequence (286)
[2019.03.26-12.13.12:569][  0]LogModuleManager: Shutting down and abandoning module UdpMessaging (284)
[2019.03.26-12.13.12:669][  0]LogModuleManager: Shutting down and abandoning module TcpMessaging (282)
[2019.03.26-12.13.13:205][  0]LogModuleManager: Shutting down and abandoning module MagicLeapAudio (280)
[2019.03.26-12.13.13:205][  0]LogModuleManager: Shutting down and abandoning module GameplayTagsEditor (278)
[2019.03.26-12.13.13:205][  0]LogModuleManager: Shutting down and abandoning module FacialAnimationEditor (276)
[2019.03.26-12.13.13:205][  0]LogModuleManager: Shutting down and abandoning module FacialAnimation (274)
[2019.03.26-12.13.13:205][  0]LogModuleManager: Shutting down and abandoning module DataValidation (272)
[2019.03.26-12.13.13:205][  0]LogModuleManager: Shutting down and abandoning module AssetManagerEditor (270)
[2019.03.26-12.13.13:205][  0]LogModuleManager: Shutting down and abandoning module LevelEditor (269)
[2019.03.26-12.13.13:206][  0]LogModuleManager: Shutting down and abandoning module PixelInspectorModule (268)
[2019.03.26-12.13.13:206][  0]LogModuleManager: Shutting down and abandoning module CommonMenuExtensions (266)
[2019.03.26-12.13.13:206][  0]LogModuleManager: Shutting down and abandoning module MainFrame (264)
[2019.03.26-12.13.13:206][  0]LogModuleManager: Shutting down and abandoning module HotReload (263)
[2019.03.26-12.13.13:206][  0]LogModuleManager: Shutting down and abandoning module ContentBrowser (259)
[2019.03.26-12.13.13:206][  0]LogModuleManager: Shutting down and abandoning module TreeMap (257)
[2019.03.26-12.13.13:206][  0]LogModuleManager: Shutting down and abandoning module LightPropagationVolumeRuntime (254)
[2019.03.26-12.13.13:206][  0]LogModuleManager: Shutting down and abandoning module AISupportModule (252)
[2019.03.26-12.13.13:206][  0]LogModuleManager: Shutting down and abandoning module Paper2D (250)
[2019.03.26-12.13.13:207][  0]LogModuleManager: Shutting down and abandoning module WindowsMoviePlayer (248)
[2019.03.26-12.13.13:207][  0]LogModuleManager: Shutting down and abandoning module WebMMoviePlayer (246)
[2019.03.26-12.13.13:207][  0]LogModuleManager: Shutting down and abandoning module WmfMedia (244)
[2019.03.26-12.13.13:211][  0]LogModuleManager: Shutting down and abandoning module Media (243)
[2019.03.26-12.13.13:217][  0]LogModuleManager: Shutting down and abandoning module PacketHandler (240)
[2019.03.26-12.13.13:217][  0]LogModuleManager: Shutting down and abandoning module ClothingSystemEditor (238)
[2019.03.26-12.13.13:217][  0]LogModuleManager: Shutting down and abandoning module ClothingSystemRuntime (236)
[2019.03.26-12.13.13:217][  0]LogModuleManager: Shutting down and abandoning module MediaAssets (234)
[2019.03.26-12.13.13:217][  0]LogModuleManager: Shutting down and abandoning module Overlay (232)
[2019.03.26-12.13.13:217][  0]LogModuleManager: Shutting down and abandoning module OverlayEditor (231)
[2019.03.26-12.13.13:217][  0]LogModuleManager: Shutting down and abandoning module VREditor (228)
[2019.03.26-12.13.13:217][  0]LogModuleManager: Shutting down and abandoning module StringTableEditor (226)
[2019.03.26-12.13.13:217][  0]LogModuleManager: Shutting down and abandoning module GameplayTasksEditor (224)
[2019.03.26-12.13.13:217][  0]LogModuleManager: Shutting down and abandoning module BehaviorTreeEditor (222)
[2019.03.26-12.13.13:217][  0]LogModuleManager: Shutting down and abandoning module FunctionalTesting (220)
[2019.03.26-12.13.13:217][  0]LogModuleManager: Shutting down and abandoning module CollisionAnalyzer (218)
[2019.03.26-12.13.13:217][  0]LogModuleManager: Shutting down and abandoning module WorkspaceMenuStructure (217)
[2019.03.26-12.13.13:217][  0]LogModuleManager: Shutting down and abandoning module UMG (214)
[2019.03.26-12.13.13:217][  0]LogModuleManager: Shutting down and abandoning module UMGEditor (213)
[2019.03.26-12.13.13:217][  0]LogModuleManager: Shutting down and abandoning module Sequencer (212)
[2019.03.26-12.13.13:217][  0]LogModuleManager: Shutting down and abandoning module MessageLog (209)
[2019.03.26-12.13.13:217][  0]LogModuleManager: Shutting down and abandoning module SlateReflector (204)
[2019.03.26-12.13.13:217][  0]LogModuleManager: Shutting down and abandoning module Slate (202)
[2019.03.26-12.13.13:217][  0]LogModuleManager: Shutting down and abandoning module EditorStyle (200)
[2019.03.26-12.13.13:219][  0]LogModuleManager: Shutting down and abandoning module MRMesh (198)
[2019.03.26-12.13.13:219][  0]LogModuleManager: Shutting down and abandoning module SourceCodeAccess (196)
[2019.03.26-12.13.13:219][  0]LogModuleManager: Shutting down and abandoning module HeadMountedDisplay (194)
[2019.03.26-12.13.13:219][  0]LogModuleManager: Shutting down and abandoning module XAudio2 (192)
[2019.03.26-12.13.13:219][  0]LogModuleManager: Shutting down and abandoning module Networking (190)
[2019.03.26-12.13.13:219][  0]LogModuleManager: Shutting down and abandoning module Core (188)
[2019.03.26-12.13.13:219][  0]LogModuleManager: Shutting down and abandoning module LevelSequence (186)
[2019.03.26-12.13.13:219][  0]LogModuleManager: Shutting down and abandoning module KismetCompiler (184)
[2019.03.26-12.13.13:219][  0]LogModuleManager: Shutting down and abandoning module MeshUtilities (182)
[2019.03.26-12.13.13:219][  0]LogModuleManager: Shutting down and abandoning module MeshMergeUtilities (181)
[2019.03.26-12.13.13:219][  0]LogModuleManager: Shutting down and abandoning module MeshReductionInterface (180)
[2019.03.26-12.13.13:219][  0]LogModuleManager: Shutting down and abandoning module SimplygonSwarm (179)
[2019.03.26-12.13.13:219][  0]LogModuleManager: Shutting down and abandoning module ProxyLODMeshReduction (177)
[2019.03.26-12.13.13:219][  0]LogModuleManager: Shutting down and abandoning module SimplygonMeshReduction (175)
[2019.03.26-12.13.13:219][  0]LogModuleManager: Shutting down and abandoning module QuadricMeshReduction (173)
[2019.03.26-12.13.13:219][  0]LogModuleManager: Shutting down and abandoning module MaterialBaking (169)
[2019.03.26-12.13.13:219][  0]LogModuleManager: Shutting down and abandoning module DirectoryWatcher (165)
[2019.03.26-12.13.13:219][  0]LogModuleManager: Shutting down and abandoning module DerivedDataCache (162)
[2019.03.26-12.13.13:449][  0]LogDerivedDataCache: Shutdown
[2019.03.26-12.13.13:449][  0]LogModuleManager: Shutting down and abandoning module XGEController (160)
[2019.03.26-12.13.13:449][  0]LogModuleManager: Shutting down and abandoning module TargetPlatform (158)
[2019.03.26-12.13.13:449][  0]LogModuleManager: Shutting down and abandoning module VulkanShaderFormat (157)
[2019.03.26-12.13.13:449][  0]LogModuleManager: Shutting down and abandoning module ShaderFormatVectorVM (155)
[2019.03.26-12.13.13:449][  0]LogModuleManager: Shutting down and abandoning module ShaderFormatOpenGL (153)
[2019.03.26-12.13.13:449][  0]LogModuleManager: Shutting down and abandoning module ShaderFormatD3D (151)
[2019.03.26-12.13.13:449][  0]LogModuleManager: Shutting down and abandoning module MetalShaderFormat (149)
[2019.03.26-12.13.13:449][  0]LogModuleManager: Shutting down and abandoning module TextureFormatUncompressed (147)
[2019.03.26-12.13.13:449][  0]LogModuleManager: Shutting down and abandoning module TextureFormatPVR (145)
[2019.03.26-12.13.13:449][  0]LogModuleManager: Shutting down and abandoning module TextureFormatDXT (143)
[2019.03.26-12.13.13:449][  0]LogModuleManager: Shutting down and abandoning module TextureFormatIntelISPCTexComp (141)
[2019.03.26-12.13.13:450][  0]LogModuleManager: Shutting down and abandoning module TextureFormatASTC (139)
[2019.03.26-12.13.13:450][  0]LogModuleManager: Shutting down and abandoning module ImageWrapper (138)
[2019.03.26-12.13.13:450][  0]LogModuleManager: Shutting down and abandoning module TextureFormatAndroid (135)
[2019.03.26-12.13.13:450][  0]LogModuleManager: Shutting down and abandoning module AudioFormatOpus (133)
[2019.03.26-12.13.13:450][  0]LogModuleManager: Shutting down and abandoning module AudioFormatOgg (131)
[2019.03.26-12.13.13:450][  0]LogModuleManager: Shutting down and abandoning module AudioFormatADPCM (129)
[2019.03.26-12.13.13:450][  0]LogModuleManager: Shutting down and abandoning module LuminTargetPlatform (127)
[2019.03.26-12.13.13:450][  0]LogModuleManager: Shutting down and abandoning module LinuxTargetPlatform (125)
[2019.03.26-12.13.13:450][  0]LogModuleManager: Shutting down and abandoning module LinuxServerTargetPlatform (123)
[2019.03.26-12.13.13:450][  0]LogModuleManager: Shutting down and abandoning module LinuxNoEditorTargetPlatform (121)
[2019.03.26-12.13.13:450][  0]LogModuleManager: Shutting down and abandoning module LinuxClientTargetPlatform (119)
[2019.03.26-12.13.13:450][  0]LogModuleManager: Shutting down and abandoning module TVOSTargetPlatform (117)
[2019.03.26-12.13.13:451][  0]LogModuleManager: Shutting down and abandoning module Messaging (115)
[2019.03.26-12.13.13:451][  0]LogModuleManager: Shutting down and abandoning module IOSTargetPlatform (113)
[2019.03.26-12.13.13:451][  0]LogModuleManager: Shutting down and abandoning module HTML5TargetPlatform (111)
[2019.03.26-12.13.13:451][  0]LogModuleManager: Shutting down and abandoning module AndroidTargetPlatform (109)
[2019.03.26-12.13.13:459][  0]LogModuleManager: Shutting down and abandoning module WindowsTargetPlatform (107)
[2019.03.26-12.13.13:459][  0]LogModuleManager: Shutting down and abandoning module WindowsServerTargetPlatform (105)
[2019.03.26-12.13.13:459][  0]LogModuleManager: Shutting down and abandoning module WindowsNoEditorTargetPlatform (103)
[2019.03.26-12.13.13:459][  0]LogModuleManager: Shutting down and abandoning module WindowsClientTargetPlatform (101)
[2019.03.26-12.13.13:459][  0]LogModuleManager: Shutting down and abandoning module MacTargetPlatform (99)
[2019.03.26-12.13.13:459][  0]LogModuleManager: Shutting down and abandoning module MacServerTargetPlatform (97)
[2019.03.26-12.13.13:459][  0]LogModuleManager: Shutting down and abandoning module MacNoEditorTargetPlatform (95)
[2019.03.26-12.13.13:459][  0]LogModuleManager: Shutting down and abandoning module MacClientTargetPlatform (93)
[2019.03.26-12.13.13:459][  0]LogModuleManager: Shutting down and abandoning module AllDesktopTargetPlatform (91)
[2019.03.26-12.13.13:459][  0]LogModuleManager: Shutting down and abandoning module InputCore (88)
[2019.03.26-12.13.13:459][  0]LogModuleManager: Shutting down and abandoning module Settings (86)
[2019.03.26-12.13.13:459][  0]LogModuleManager: Shutting down and abandoning module PhysXCooking (84)
[2019.03.26-12.13.13:459][  0]LogModuleManager: Shutting down and abandoning module SteamVR (82)
[2019.03.26-12.13.13:459][  0]LogHMD: Freeing OpenVRDLLHandle.
[2019.03.26-12.13.13:459][  0]LogModuleManager: Shutting down and abandoning module OculusHMD (80)
[2019.03.26-12.13.13:459][  0]LogModuleManager: Shutting down and abandoning module ExampleDeviceProfileSelector (78)
[2019.03.26-12.13.13:459][  0]LogModuleManager: Shutting down and abandoning module LauncherChunkInstaller (76)
[2019.03.26-12.13.13:459][  0]LogModuleManager: Shutting down and abandoning module OnlineBlueprintSupport (74)
[2019.03.26-12.13.13:459][  0]LogModuleManager: Shutting down and abandoning module OnlineSubsystem (70)
[2019.03.26-12.13.13:460][  0]LogModuleManager: Shutting down and abandoning module XMPP (63)
[2019.03.26-12.13.13:460][  0]LogModuleManager: Shutting down and abandoning module WebSockets (62)
[2019.03.26-12.13.13:466][  0]LogModuleManager: Shutting down and abandoning module HTTP (59)
[2019.03.26-12.13.13:476][  0]LogModuleManager: Shutting down and abandoning module SSL (58)
[2019.03.26-12.13.13:477][  0]LogModuleManager: Shutting down and abandoning module MagicLeapIdentity (54)
[2019.03.26-12.13.13:477][  0]LogModuleManager: Shutting down and abandoning module MagicLeapHelperVulkan (52)
[2019.03.26-12.13.13:477][  0]LogModuleManager: Shutting down and abandoning module MagicLeapHelperOpenGL (50)
[2019.03.26-12.13.13:477][  0]LogModuleManager: Shutting down and abandoning module MagicLeapSecureStorage (48)
[2019.03.26-12.13.13:477][  0]LogModuleManager: Shutting down and abandoning module MagicLeapHandTracking (46)
[2019.03.26-12.13.13:478][  0]LogModuleManager: Shutting down and abandoning module MagicLeapEyeTracker (44)
[2019.03.26-12.13.13:478][  0]LogModuleManager: Shutting down and abandoning module MagicLeapController (42)
[2019.03.26-12.13.13:478][  0]LogModuleManager: Shutting down and abandoning module MagicLeap (40)
[2019.03.26-12.13.13:478][  0]LogModuleManager: Shutting down and abandoning module DatasmithContent (38)
[2019.03.26-12.13.13:478][  0]LogModuleManager: Shutting down and abandoning module AnimationModifiers (36)
[2019.03.26-12.13.13:478][  0]LogModuleManager: Shutting down and abandoning module PropertyEditor (35)
[2019.03.26-12.13.13:478][  0]LogModuleManager: Shutting down and abandoning module AudioEditor (32)
[2019.03.26-12.13.13:478][  0]LogModuleManager: Shutting down and abandoning module TextureCompressor (30)
[2019.03.26-12.13.13:478][  0]LogModuleManager: Shutting down and abandoning module ShaderCore (28)
[2019.03.26-12.13.13:478][  0]LogModuleManager: Shutting down and abandoning module Landscape (26)
[2019.03.26-12.13.13:478][  0]LogModuleManager: Shutting down and abandoning module SlateRHIRenderer (24)
[2019.03.26-12.13.13:478][  0]LogModuleManager: Shutting down and abandoning module OpenGLDrv (22)
[2019.03.26-12.13.13:478][  0]LogModuleManager: Shutting down and abandoning module D3D11RHI (20)
[2019.03.26-12.13.13:478][  0]LogModuleManager: Shutting down and abandoning module AnimGraphRuntime (18)
[2019.03.26-12.13.13:478][  0]LogModuleManager: Shutting down and abandoning module Renderer (16)
[2019.03.26-12.13.13:478][  0]LogModuleManager: Shutting down and abandoning module Engine (14)
[2019.03.26-12.13.13:478][  0]LogModuleManager: Shutting down and abandoning module CoreUObject (12)
[2019.03.26-12.13.13:478][  0]LogModuleManager: Shutting down and abandoning module NetworkFile (10)
[2019.03.26-12.13.13:478][  0]LogModuleManager: Shutting down and abandoning module CookedIterativeFile (8)
[2019.03.26-12.13.13:478][  0]LogModuleManager: Shutting down and abandoning module StreamingFile (6)
[2019.03.26-12.13.13:478][  0]LogModuleManager: Shutting down and abandoning module SandboxFile (4)
[2019.03.26-12.13.13:478][  0]LogModuleManager: Shutting down and abandoning module PakFile (2)
[2019.03.26-12.13.13:484][  0]LogExit: Exiting.
[2019.03.26-12.13.13:497][  0]Log file closed, 03/26/19 13:13:13
