  Performing full C++ include scan (building a new target)
  Using 'git status' to determine working set for adaptive non-unity build (C:\Users\HP ZVR Backpack\Desktop\Dev\VREscapeRoom).
  Creating makefile for SubmarineEditor (no existing makefile)
  Using Visual Studio 2017 14.16.27023 toolchain (C:\Program Files (x86)\Microsoft Visual Studio\2017\Community\VC\Tools\MSVC\14.16.27023) and Windows 10.0.17763.0 SDK (C:\Program Files (x86)\Windows Kits\10).
  Parsing headers for SubmarineEditor
    Running UnrealHeaderTool "C:\Users\HP ZVR Backpack\Desktop\Dev\VREscapeRoom\Submarine\Submarine.uproject" "C:\Users\HP ZVR Backpack\Desktop\Dev\VREscapeRoom\Submarine\Intermediate\Build\Win64\SubmarineEditor\Development\SubmarineEditor.uhtmanifest" -LogCmds="loginit warning, logexit warning, logdatabase error" -Unattended -WarningsAsErrors -installed
  Reflection code generated for SubmarineEditor in 13.4776103 seconds
  Building 38 actions with 8 processes...
    [1/38] PCLaunch.rc
    [2/38] PCLaunch.rc
    [3/38] PCLaunch.rc
    [4/38] PCLaunch.rc
    [5/38] PCLaunch.rc
    [6/38] SharedPCH.UnrealEd.cpp
    [7/38] SharedPCH.Engine.cpp
    [8/38] Module.VRExpansionPlugin.gen.10_of_10.cpp
    [9/38] Module.VRExpansionPlugin.gen.6_of_10.cpp
    [10/38] Module.VRExpansionPlugin.gen.5_of_10.cpp
    [11/38] Module.AdvancedSessions.cpp
    [12/38] Module.VRExpansionPlugin.3_of_3.cpp
    [13/38] Module.VRExpansionPlugin.gen.9_of_10.cpp
    [14/38] Module.VRExpansionPlugin.gen.4_of_10.cpp
    [15/38] Module.VRExpansionPlugin.gen.3_of_10.cpp
    [16/38] Module.VRExpansionPlugin.gen.2_of_10.cpp
    [17/38] Module.VRExpansionPlugin.gen.8_of_10.cpp
    [18/38] Module.VRExpansionPlugin.2_of_3.cpp
    [19/38] Module.AdvancedSteamSessions.gen.cpp
    [20/38] Module.AdvancedSteamSessions.cpp
    [21/38] UE4Editor-AdvancedSteamSessions.lib
       Creating library C:\Users\HP ZVR Backpack\Desktop\Dev\VREscapeRoom\Submarine\Plugins\AdvancedSessions\AdvancedSteamSessions\Intermediate\Build\Win64\UE4Editor\Development\AdvancedSteamSessions\UE4Editor-AdvancedSteamSessions.lib and object C:\Users\HP ZVR Backpack\Desktop\Dev\VREscapeRoom\Submarine\Plugins\AdvancedSessions\AdvancedSteamSessions\Intermediate\Build\Win64\UE4Editor\Development\AdvancedSteamSessions\UE4Editor-AdvancedSteamSessions.exp
    [22/38] Module.VRExpansionPlugin.gen.7_of_10.cpp
    [23/38] Module.OpenVRExpansionPlugin.gen.cpp
    [24/38] Module.OpenVRExpansionPlugin.cpp
    [25/38] UE4Editor-OpenVRExpansionPlugin.lib
       Creating library C:\Users\HP ZVR Backpack\Desktop\Dev\VREscapeRoom\Submarine\Plugins\VRExpansionPlugin\OpenVRExpansionPlugin\Intermediate\Build\Win64\UE4Editor\Development\OpenVRExpansionPlugin\UE4Editor-OpenVRExpansionPlugin.lib and object C:\Users\HP ZVR Backpack\Desktop\Dev\VREscapeRoom\Submarine\Plugins\VRExpansionPlugin\OpenVRExpansionPlugin\Intermediate\Build\Win64\UE4Editor\Development\OpenVRExpansionPlugin\UE4Editor-OpenVRExpansionPlugin.exp
    [26/38] EmptyClassForProject.cpp
    [27/38] UE4Editor-OpenVRExpansionPlugin.dll
       Creating library C:\Users\HP ZVR Backpack\Desktop\Dev\VREscapeRoom\Submarine\Plugins\VRExpansionPlugin\OpenVRExpansionPlugin\Intermediate\Build\Win64\UE4Editor\Development\OpenVRExpansionPlugin\UE4Editor-OpenVRExpansionPlugin.suppressed.lib and object C:\Users\HP ZVR Backpack\Desktop\Dev\VREscapeRoom\Submarine\Plugins\VRExpansionPlugin\OpenVRExpansionPlugin\Intermediate\Build\Win64\UE4Editor\Development\OpenVRExpansionPlugin\UE4Editor-OpenVRExpansionPlugin.suppressed.exp
    [28/38] Module.AdvancedSessions.gen.cpp
    [29/38] UE4Editor-AdvancedSessions.lib
       Creating library C:\Users\HP ZVR Backpack\Desktop\Dev\VREscapeRoom\Submarine\Plugins\AdvancedSessions\AdvancedSessions\Intermediate\Build\Win64\UE4Editor\Development\AdvancedSessions\UE4Editor-AdvancedSessions.lib and object C:\Users\HP ZVR Backpack\Desktop\Dev\VREscapeRoom\Submarine\Plugins\AdvancedSessions\AdvancedSessions\Intermediate\Build\Win64\UE4Editor\Development\AdvancedSessions\UE4Editor-AdvancedSessions.exp
    [30/38] Module.VRExpansionPlugin.gen.1_of_10.cpp
    [31/38] UE4Editor-AdvancedSessions.dll
       Creating library C:\Users\HP ZVR Backpack\Desktop\Dev\VREscapeRoom\Submarine\Plugins\AdvancedSessions\AdvancedSessions\Intermediate\Build\Win64\UE4Editor\Development\AdvancedSessions\UE4Editor-AdvancedSessions.suppressed.lib and object C:\Users\HP ZVR Backpack\Desktop\Dev\VREscapeRoom\Submarine\Plugins\AdvancedSessions\AdvancedSessions\Intermediate\Build\Win64\UE4Editor\Development\AdvancedSessions\UE4Editor-AdvancedSessions.suppressed.exp
    [32/38] UE4Editor-AdvancedSteamSessions.dll
       Creating library C:\Users\HP ZVR Backpack\Desktop\Dev\VREscapeRoom\Submarine\Plugins\AdvancedSessions\AdvancedSteamSessions\Intermediate\Build\Win64\UE4Editor\Development\AdvancedSteamSessions\UE4Editor-AdvancedSteamSessions.suppressed.lib and object C:\Users\HP ZVR Backpack\Desktop\Dev\VREscapeRoom\Submarine\Plugins\AdvancedSessions\AdvancedSteamSessions\Intermediate\Build\Win64\UE4Editor\Development\AdvancedSteamSessions\UE4Editor-AdvancedSteamSessions.suppressed.exp
    [33/38] Submarine.cpp
    [34/38] UE4Editor-Submarine.lib
       Creating library C:\Users\HP ZVR Backpack\Desktop\Dev\VREscapeRoom\Submarine\Intermediate\Build\Win64\UE4Editor\Development\Submarine\UE4Editor-Submarine.lib and object C:\Users\HP ZVR Backpack\Desktop\Dev\VREscapeRoom\Submarine\Intermediate\Build\Win64\UE4Editor\Development\Submarine\UE4Editor-Submarine.exp
    [35/38] Module.VRExpansionPlugin.1_of_3.cpp
    [36/38] UE4Editor-VRExpansionPlugin.lib
       Creating library C:\Users\HP ZVR Backpack\Desktop\Dev\VREscapeRoom\Submarine\Plugins\VRExpansionPlugin\VRExpansionPlugin\Intermediate\Build\Win64\UE4Editor\Development\VRExpansionPlugin\UE4Editor-VRExpansionPlugin.lib and object C:\Users\HP ZVR Backpack\Desktop\Dev\VREscapeRoom\Submarine\Plugins\VRExpansionPlugin\VRExpansionPlugin\Intermediate\Build\Win64\UE4Editor\Development\VRExpansionPlugin\UE4Editor-VRExpansionPlugin.exp
    [37/38] UE4Editor-Submarine.dll
       Creating library C:\Users\HP ZVR Backpack\Desktop\Dev\VREscapeRoom\Submarine\Intermediate\Build\Win64\UE4Editor\Development\Submarine\UE4Editor-Submarine.suppressed.lib and object C:\Users\HP ZVR Backpack\Desktop\Dev\VREscapeRoom\Submarine\Intermediate\Build\Win64\UE4Editor\Development\Submarine\UE4Editor-Submarine.suppressed.exp
    [38/38] UE4Editor-VRExpansionPlugin.dll
       Creating library C:\Users\HP ZVR Backpack\Desktop\Dev\VREscapeRoom\Submarine\Plugins\VRExpansionPlugin\VRExpansionPlugin\Intermediate\Build\Win64\UE4Editor\Development\VRExpansionPlugin\UE4Editor-VRExpansionPlugin.suppressed.lib and object C:\Users\HP ZVR Backpack\Desktop\Dev\VREscapeRoom\Submarine\Plugins\VRExpansionPlugin\VRExpansionPlugin\Intermediate\Build\Win64\UE4Editor\Development\VRExpansionPlugin\UE4Editor-VRExpansionPlugin.suppressed.exp
  Deploying SubmarineEditor Win64 Development...
  Total build time: 128.76 seconds (Parallel executor: 79.73 seconds)
